<?xml version="1.0" encoding="UTF-8"?>
<!-- Generated by org.testng.reporters.JUnitReportReporter -->
<testsuite hostname="DESKTOP-0B95HP3" failures="0" tests="1" name="testCases.TC_002_Login" time="6.949" errors="0" timestamp="2022-07-09T22:00:43 IST" skipped="0">
  <testcase classname="testCases.TC_002_Login" name="test_Login" time="6.949"/>
  <system-out/>
</testsuite> <!-- testCases.TC_002_Login -->
