<?xml version="1.0" encoding="UTF-8"?>
<!-- Generated by org.testng.reporters.JUnitReportReporter -->
<testsuite hostname="DESKTOP-0B95HP3" failures="0" tests="1" name="testCases.TC_001_AccountRegistration" time="11.207" errors="0" timestamp="2022-07-09T22:00:43 IST" skipped="0">
  <testcase classname="testCases.TC_001_AccountRegistration" name="test_accout_Registration" time="11.207"/>
  <system-out/>
</testsuite> <!-- testCases.TC_001_AccountRegistration -->
